{"/Users/zhaimaojin/github/vue-data-tables/src/index.js": {"path":"/Users/zhaimaojin/github/vue-data-tables/src/index.js","statementMap":{"0":{"start":{"line":4,"column":0},"end":{"line":6,"column":1}},"1":{"start":{"line":5,"column":2},"end":{"line":5,"column":44}},"2":{"start":{"line":8,"column":0},"end":{"line":10,"column":1}},"3":{"start":{"line":9,"column":2},"end":{"line":9,"column":56}},"4":{"start":{"line":12,"column":14},"end":{"line":15,"column":1}},"5":{"start":{"line":13,"column":2},"end":{"line":13,"column":25}},"6":{"start":{"line":14,"column":2},"end":{"line":14,"column":31}}},"fnMap":{"0":{"name":"(anonymous_0)","decl":{"start":{"line":4,"column":21},"end":{"line":4,"column":22}},"loc":{"start":{"line":4,"column":35},"end":{"line":6,"column":1}},"line":4},"1":{"name":"(anonymous_1)","decl":{"start":{"line":8,"column":27},"end":{"line":8,"column":28}},"loc":{"start":{"line":8,"column":41},"end":{"line":10,"column":1}},"line":8},"2":{"name":"(anonymous_2)","decl":{"start":{"line":12,"column":14},"end":{"line":12,"column":15}},"loc":{"start":{"line":12,"column":28},"end":{"line":15,"column":1}},"line":12}},"branchMap":{},"s":{"0":1,"1":1,"2":1,"3":1,"4":1,"5":0,"6":0},"f":{"0":1,"1":1,"2":0},"b":{},"_coverageSchema":"332fd63041d2c1bcb487cc26dd0d5f7d97098a6c","hash":"21ee98ceff75cfdf27d65e2438e1498a1d795a2d"}
,"/Users/zhaimaojin/github/vue-data-tables/src/components/DataTables.vue": {"path":"/Users/zhaimaojin/github/vue-data-tables/src/components/DataTables.vue","statementMap":{"0":{"start":{"line":6,"column":0},"end":{"line":null,"column":-1}},"1":{"start":{"line":7,"column":0},"end":{"line":null,"column":-1}},"2":{"start":{"line":10,"column":0},"end":{"line":null,"column":-1}},"3":{"start":{"line":19,"column":0},"end":{"line":null,"column":-1}},"4":{"start":{"line":25,"column":0},"end":{"line":null,"column":-1}},"5":{"start":{"line":30,"column":0},"end":{"line":null,"column":-1}},"6":{"start":{"line":31,"column":0},"end":{"line":null,"column":-1}},"7":{"start":{"line":32,"column":0},"end":{"line":null,"column":-1}},"8":{"start":{"line":36,"column":0},"end":{"line":46,"column":0}},"9":{"start":{"line":37,"column":0},"end":{"line":null,"column":-1}},"10":{"start":{"line":36,"column":0},"end":{"line":null,"column":-1}},"11":{"start":{"line":40,"column":0},"end":{"line":null,"column":-1}},"12":{"start":{"line":42,"column":0},"end":{"line":null,"column":-1}},"13":{"start":{"line":43,"column":0},"end":{"line":null,"column":-1}},"14":{"start":{"line":45,"column":0},"end":{"line":null,"column":-1}},"15":{"start":{"line":48,"column":0},"end":{"line":null,"column":-1}},"16":{"start":{"line":50,"column":0},"end":{"line":null,"column":-1}},"17":{"start":{"line":51,"column":0},"end":{"line":null,"column":-1}},"18":{"start":{"line":53,"column":0},"end":{"line":66,"column":0}},"19":{"start":{"line":54,"column":0},"end":{"line":null,"column":-1}},"20":{"start":{"line":55,"column":0},"end":{"line":58,"column":0}},"21":{"start":{"line":57,"column":0},"end":{"line":null,"column":-1}},"22":{"start":{"line":60,"column":0},"end":{"line":null,"column":-1}},"23":{"start":{"line":63,"column":0},"end":{"line":65,"column":0}},"24":{"start":{"line":64,"column":0},"end":{"line":null,"column":-1}},"25":{"start":{"line":68,"column":0},"end":{"line":null,"column":-1}},"26":{"start":{"line":69,"column":0},"end":{"line":null,"column":-1}},"27":{"start":{"line":72,"column":0},"end":{"line":null,"column":-1}},"28":{"start":{"line":73,"column":0},"end":{"line":null,"column":-1}},"29":{"start":{"line":74,"column":0},"end":{"line":null,"column":-1}},"30":{"start":{"line":77,"column":0},"end":{"line":null,"column":-1}},"31":{"start":{"line":82,"column":0},"end":{"line":null,"column":-1}},"32":{"start":{"line":85,"column":0},"end":{"line":null,"column":-1}},"33":{"start":{"line":86,"column":0},"end":{"line":null,"column":-1}},"34":{"start":{"line":90,"column":0},"end":{"line":null,"column":-1}},"35":{"start":{"line":91,"column":0},"end":{"line":null,"column":-1}},"36":{"start":{"line":92,"column":0},"end":{"line":99,"column":0}},"37":{"start":{"line":93,"column":0},"end":{"line":null,"column":-1}},"38":{"start":{"line":94,"column":0},"end":{"line":99,"column":0}},"39":{"start":{"line":95,"column":0},"end":{"line":null,"column":-1}},"40":{"start":{"line":97,"column":0},"end":{"line":null,"column":-1}},"41":{"start":{"line":98,"column":0},"end":{"line":null,"column":-1}},"42":{"start":{"line":101,"column":0},"end":{"line":null,"column":-1}},"43":{"start":{"line":102,"column":0},"end":{"line":104,"column":0}},"44":{"start":{"line":103,"column":0},"end":{"line":null,"column":-1}},"45":{"start":{"line":114,"column":0},"end":{"line":118,"column":0}},"46":{"start":{"line":115,"column":0},"end":{"line":116,"column":0}},"47":{"start":{"line":116,"column":0},"end":{"line":null,"column":-1}},"48":{"start":{"line":120,"column":0},"end":{"line":null,"column":-1}},"49":{"start":{"line":122,"column":0},"end":{"line":null,"column":-1}},"50":{"start":{"line":123,"column":0},"end":{"line":null,"column":-1}},"51":{"start":{"line":125,"column":0},"end":{"line":null,"column":-1}},"52":{"start":{"line":126,"column":0},"end":{"line":128,"column":0}},"53":{"start":{"line":127,"column":0},"end":{"line":null,"column":-1}},"54":{"start":{"line":130,"column":0},"end":{"line":null,"column":-1}},"55":{"start":{"line":131,"column":0},"end":{"line":null,"column":-1}},"56":{"start":{"line":134,"column":0},"end":{"line":null,"column":-1}},"57":{"start":{"line":139,"column":0},"end":{"line":null,"column":-1}},"58":{"start":{"line":142,"column":0},"end":{"line":null,"column":-1}}},"fnMap":{"0":{"name":"defaultSortFn","decl":{"start":{"line":10,"column":0},"end":{"line":null,"column":-1}},"loc":{"start":{"line":10,"column":0},"end":{"line":null,"column":-1}}},"1":{"name":"_default","decl":{"start":{"line":18,"column":0},"end":{"line":null,"column":-1}},"loc":{"start":{"line":18,"column":0},"end":{"line":20,"column":0}}},"2":{"name":"data","decl":{"start":{"line":24,"column":0},"end":{"line":null,"column":-1}},"loc":{"start":{"line":24,"column":0},"end":{"line":28,"column":0}}},"3":{"name":"created","decl":{"start":{"line":29,"column":0},"end":{"line":null,"column":-1}},"loc":{"start":{"line":29,"column":0},"end":{"line":33,"column":0}}},"4":{"name":"sortedData","decl":{"start":{"line":35,"column":0},"end":{"line":null,"column":-1}},"loc":{"start":{"line":35,"column":0},"end":{"line":49,"column":0}}},"5":{"name":"tableData","decl":{"start":{"line":50,"column":0},"end":{"line":null,"column":-1}},"loc":{"start":{"line":50,"column":0},"end":{"line":70,"column":0}}},"6":{"name":"(anonymous_8)","decl":{"start":{"line":53,"column":0},"end":{"line":null,"column":-1}},"loc":{"start":{"line":53,"column":0},"end":{"line":66,"column":0}}},"7":{"name":"(anonymous_9)","decl":{"start":{"line":63,"column":0},"end":{"line":null,"column":-1}},"loc":{"start":{"line":63,"column":0},"end":{"line":65,"column":0}}},"8":{"name":"curTableData","decl":{"start":{"line":71,"column":0},"end":{"line":null,"column":-1}},"loc":{"start":{"line":71,"column":0},"end":{"line":75,"column":0}}},"9":{"name":"total","decl":{"start":{"line":76,"column":0},"end":{"line":null,"column":-1}},"loc":{"start":{"line":76,"column":0},"end":{"line":78,"column":0}}},"10":{"name":"handleSort","decl":{"start":{"line":81,"column":0},"end":{"line":null,"column":-1}},"loc":{"start":{"line":81,"column":0},"end":{"line":83,"column":0}}},"11":{"name":"handleSizeChange","decl":{"start":{"line":84,"column":0},"end":{"line":null,"column":-1}},"loc":{"start":{"line":84,"column":0},"end":{"line":87,"column":0}}},"12":{"name":"createFilterFn","decl":{"start":{"line":89,"column":0},"end":{"line":null,"column":-1}},"loc":{"start":{"line":89,"column":0},"end":{"line":121,"column":0}}},"13":{"name":"(anonymous_15)","decl":{"start":{"line":98,"column":0},"end":{"line":null,"column":-1}},"loc":{"start":{"line":98,"column":0},"end":{"line":null,"column":-1}}},"14":{"name":"(anonymous_16)","decl":{"start":{"line":114,"column":0},"end":{"line":null,"column":-1}},"loc":{"start":{"line":114,"column":0},"end":{"line":118,"column":0}}},"15":{"name":"(anonymous_17)","decl":{"start":{"line":115,"column":0},"end":{"line":null,"column":-1}},"loc":{"start":{"line":115,"column":0},"end":{"line":116,"column":0}}},"16":{"name":"createSortFn","decl":{"start":{"line":122,"column":0},"end":{"line":null,"column":-1}},"loc":{"start":{"line":122,"column":0},"end":{"line":132,"column":0}}},"17":{"name":"(anonymous_19)","decl":{"start":{"line":130,"column":0},"end":{"line":null,"column":-1}},"loc":{"start":{"line":130,"column":0},"end":{"line":null,"column":-1}}},"18":{"name":"setInnerFilterProps","decl":{"start":{"line":133,"column":0},"end":{"line":null,"column":-1}},"loc":{"start":{"line":133,"column":0},"end":{"line":135,"column":0}}},"19":{"name":"filterProps","decl":{"start":{"line":138,"column":0},"end":{"line":null,"column":-1}},"loc":{"start":{"line":138,"column":0},"end":{"line":140,"column":0}}},"20":{"name":"sortMethod","decl":{"start":{"line":141,"column":0},"end":{"line":null,"column":-1}},"loc":{"start":{"line":141,"column":0},"end":{"line":143,"column":0}}}},"branchMap":{"0":{"loc":{"start":{"line":10,"column":0},"end":{"line":null,"column":-1}},"type":"cond-expr","locations":[{"start":{"line":10,"column":0},"end":{"line":null,"column":-1}},{"start":{"line":10,"column":0},"end":{"line":null,"column":-1}}]},"1":{"loc":{"start":{"line":36,"column":0},"end":{"line":46,"column":0}},"type":"if","locations":[{"start":{"line":36,"column":0},"end":{"line":46,"column":0}},{"start":{"line":36,"column":0},"end":{"line":46,"column":0}}]},"2":{"loc":{"start":{"line":55,"column":0},"end":{"line":58,"column":0}},"type":"if","locations":[{"start":{"line":55,"column":0},"end":{"line":58,"column":0}},{"start":{"line":55,"column":0},"end":{"line":58,"column":0}}]},"3":{"loc":{"start":{"line":55,"column":0},"end":{"line":null,"column":-1}},"type":"binary-expr","locations":[{"start":{"line":55,"column":0},"end":{"line":null,"column":-1}},{"start":{"line":55,"column":0},"end":{"line":null,"column":-1}},{"start":{"line":55,"column":0},"end":{"line":null,"column":-1}},{"start":{"line":55,"column":0},"end":{"line":null,"column":-1}}]},"4":{"loc":{"start":{"line":60,"column":0},"end":{"line":null,"column":-1}},"type":"binary-expr","locations":[{"start":{"line":60,"column":0},"end":{"line":null,"column":-1}},{"start":{"line":60,"column":0},"end":{"line":null,"column":-1}}]},"5":{"loc":{"start":{"line":91,"column":0},"end":{"line":null,"column":-1}},"type":"binary-expr","locations":[{"start":{"line":91,"column":0},"end":{"line":null,"column":-1}},{"start":{"line":91,"column":0},"end":{"line":null,"column":-1}}]},"6":{"loc":{"start":{"line":92,"column":0},"end":{"line":99,"column":0}},"type":"if","locations":[{"start":{"line":92,"column":0},"end":{"line":99,"column":0}},{"start":{"line":92,"column":0},"end":{"line":99,"column":0}}]},"7":{"loc":{"start":{"line":94,"column":0},"end":{"line":99,"column":0}},"type":"if","locations":[{"start":{"line":94,"column":0},"end":{"line":99,"column":0}},{"start":{"line":94,"column":0},"end":{"line":99,"column":0}}]},"8":{"loc":{"start":{"line":102,"column":0},"end":{"line":104,"column":0}},"type":"if","locations":[{"start":{"line":102,"column":0},"end":{"line":104,"column":0}},{"start":{"line":102,"column":0},"end":{"line":104,"column":0}}]},"9":{"loc":{"start":{"line":115,"column":0},"end":{"line":116,"column":0}},"type":"cond-expr","locations":[{"start":{"line":115,"column":0},"end":{"line":116,"column":0}},{"start":{"line":116,"column":0},"end":{"line":null,"column":-1}}]},"10":{"loc":{"start":{"line":126,"column":0},"end":{"line":128,"column":0}},"type":"if","locations":[{"start":{"line":126,"column":0},"end":{"line":128,"column":0}},{"start":{"line":126,"column":0},"end":{"line":128,"column":0}}]},"11":{"loc":{"start":{"line":130,"column":0},"end":{"line":null,"column":-1}},"type":"binary-expr","locations":[{"start":{"line":130,"column":0},"end":{"line":null,"column":-1}},{"start":{"line":130,"column":0},"end":{"line":null,"column":-1}}]},"12":{"loc":{"start":{"line":134,"column":0},"end":{"line":null,"column":-1}},"type":"binary-expr","locations":[{"start":{"line":134,"column":0},"end":{"line":null,"column":-1}},{"start":{"line":134,"column":0},"end":{"line":null,"column":-1}}]},"13":{"loc":{"start":{"line":134,"column":0},"end":{"line":null,"column":-1}},"type":"binary-expr","locations":[{"start":{"line":134,"column":0},"end":{"line":null,"column":-1}},{"start":{"line":134,"column":0},"end":{"line":null,"column":-1}},{"start":{"line":134,"column":0},"end":{"line":null,"column":-1}}]}},"s":{"0":1,"1":1,"2":1,"3":1,"4":1,"5":1,"6":1,"7":1,"8":1,"9":0,"10":0,"11":0,"12":0,"13":0,"14":0,"15":1,"16":1,"17":1,"18":1,"19":0,"20":0,"21":0,"22":0,"23":0,"24":0,"25":1,"26":1,"27":1,"28":1,"29":1,"30":1,"31":0,"32":0,"33":0,"34":0,"35":0,"36":0,"37":0,"38":0,"39":0,"40":0,"41":0,"42":0,"43":0,"44":0,"45":0,"46":0,"47":0,"48":0,"49":0,"50":0,"51":0,"52":0,"53":0,"54":0,"55":0,"56":1,"57":0,"58":0},"f":{"0":0,"1":1,"2":1,"3":1,"4":1,"5":1,"6":0,"7":0,"8":1,"9":1,"10":0,"11":0,"12":0,"13":0,"14":0,"15":0,"16":0,"17":0,"18":1,"19":0,"20":0},"b":{"0":[0,0],"1":[0,1],"2":[0,0],"3":[0,0,0,0],"4":[0,0],"5":[0,0],"6":[0,0],"7":[0,0],"8":[0,0],"9":[0,0],"10":[0,0],"11":[0,0],"12":[1,1],"13":[1,1,0]}}
,"/Users/zhaimaojin/github/vue-data-tables/src/mixins/ShareMixin.js": {"path":"/Users/zhaimaojin/github/vue-data-tables/src/mixins/ShareMixin.js","statementMap":{"0":{"start":{"line":12,"column":8},"end":{"line":12,"column":17}},"1":{"start":{"line":18,"column":8},"end":{"line":18,"column":17}},"2":{"start":{"line":24,"column":8},"end":{"line":24,"column":17}},"3":{"start":{"line":30,"column":8},"end":{"line":30,"column":17}},"4":{"start":{"line":44,"column":8},"end":{"line":44,"column":17}},"5":{"start":{"line":49,"column":20},"end":{"line":153,"column":5}},"6":{"start":{"line":91,"column":24},"end":{"line":115,"column":25}},"7":{"start":{"line":95,"column":50},"end":{"line":98,"column":48}},"8":{"start":{"line":100,"column":51},"end":{"line":102,"column":33}},"9":{"start":{"line":101,"column":34},"end":{"line":101,"column":100}},"10":{"start":{"line":104,"column":32},"end":{"line":111,"column":33}},"11":{"start":{"line":155,"column":4},"end":{"line":161,"column":5}},"12":{"start":{"line":158,"column":37},"end":{"line":158,"column":54}},"13":{"start":{"line":164,"column":20},"end":{"line":164,"column":41}},"14":{"start":{"line":165,"column":20},"end":{"line":165,"column":35}},"15":{"start":{"line":166,"column":4},"end":{"line":169,"column":5}},"16":{"start":{"line":167,"column":6},"end":{"line":167,"column":34}},"17":{"start":{"line":168,"column":6},"end":{"line":168,"column":36}},"18":{"start":{"line":172,"column":4},"end":{"line":178,"column":5}},"19":{"start":{"line":182,"column":6},"end":{"line":182,"column":60}},"20":{"start":{"line":182,"column":48},"end":{"line":182,"column":59}},"21":{"start":{"line":185,"column":25},"end":{"line":185,"column":100}},"22":{"start":{"line":186,"column":23},"end":{"line":188,"column":25}},"23":{"start":{"line":190,"column":6},"end":{"line":195,"column":8}},"24":{"start":{"line":191,"column":8},"end":{"line":194,"column":9}},"25":{"start":{"line":192,"column":10},"end":{"line":192,"column":56}},"26":{"start":{"line":193,"column":10},"end":{"line":193,"column":33}},"27":{"start":{"line":196,"column":6},"end":{"line":196,"column":23}},"28":{"start":{"line":199,"column":36},"end":{"line":199,"column":50}},"29":{"start":{"line":201,"column":6},"end":{"line":207,"column":19}},"30":{"start":{"line":210,"column":6},"end":{"line":210,"column":48}},"31":{"start":{"line":213,"column":6},"end":{"line":213,"column":51}},"32":{"start":{"line":225,"column":8},"end":{"line":225,"column":32}},"33":{"start":{"line":229,"column":6},"end":{"line":229,"column":40}},"34":{"start":{"line":234,"column":8},"end":{"line":234,"column":35}},"35":{"start":{"line":238,"column":6},"end":{"line":238,"column":43}},"36":{"start":{"line":243,"column":8},"end":{"line":255,"column":9}},"37":{"start":{"line":244,"column":10},"end":{"line":247,"column":17}},"38":{"start":{"line":249,"column":10},"end":{"line":252,"column":11}},"39":{"start":{"line":250,"column":12},"end":{"line":250,"column":200}},"40":{"start":{"line":251,"column":12},"end":{"line":251,"column":71}},"41":{"start":{"line":254,"column":10},"end":{"line":254,"column":47}}},"fnMap":{"0":{"name":"(anonymous_0)","decl":{"start":{"line":90,"column":31},"end":{"line":90,"column":32}},"loc":{"start":{"line":90,"column":40},"end":{"line":116,"column":23}},"line":90},"1":{"name":"(anonymous_1)","decl":{"start":{"line":94,"column":62},"end":{"line":94,"column":63}},"loc":{"start":{"line":94,"column":72},"end":{"line":112,"column":31}},"line":94},"2":{"name":"(anonymous_2)","decl":{"start":{"line":100,"column":51},"end":{"line":100,"column":52}},"loc":{"start":{"line":100,"column":62},"end":{"line":102,"column":33}},"line":100},"3":{"name":"(anonymous_3)","decl":{"start":{"line":158,"column":27},"end":{"line":158,"column":28}},"loc":{"start":{"line":158,"column":37},"end":{"line":158,"column":54}},"line":158},"4":{"name":"(anonymous_4)","decl":{"start":{"line":166,"column":22},"end":{"line":166,"column":23}},"loc":{"start":{"line":166,"column":35},"end":{"line":169,"column":5}},"line":166},"5":{"name":"(anonymous_5)","decl":{"start":{"line":182,"column":40},"end":{"line":182,"column":41}},"loc":{"start":{"line":182,"column":48},"end":{"line":182,"column":59}},"line":182},"6":{"name":"(anonymous_6)","decl":{"start":{"line":190,"column":27},"end":{"line":190,"column":28}},"loc":{"start":{"line":190,"column":35},"end":{"line":195,"column":7}},"line":190}},"branchMap":{"0":{"loc":{"start":{"line":63,"column":24},"end":{"line":65,"column":25}},"type":"cond-expr","locations":[{"start":{"line":64,"column":16},"end":{"line":64,"column":58}},{"start":{"line":65,"column":16},"end":{"line":65,"column":25}}],"line":63},"1":{"loc":{"start":{"line":83,"column":12},"end":{"line":121,"column":20}},"type":"cond-expr","locations":[{"start":{"line":85,"column":16},"end":{"line":119,"column":34}},{"start":{"line":121,"column":16},"end":{"line":121,"column":20}}],"line":83},"2":{"loc":{"start":{"line":96,"column":40},"end":{"line":96,"column":61}},"type":"binary-expr","locations":[{"start":{"line":96,"column":40},"end":{"line":96,"column":51}},{"start":{"line":96,"column":55},"end":{"line":96,"column":61}}],"line":96},"3":{"loc":{"start":{"line":128,"column":12},"end":{"line":149,"column":20}},"type":"cond-expr","locations":[{"start":{"line":130,"column":16},"end":{"line":147,"column":22}},{"start":{"line":149,"column":16},"end":{"line":149,"column":20}}],"line":128},"4":{"loc":{"start":{"line":135,"column":28},"end":{"line":135,"column":71}},"type":"cond-expr","locations":[{"start":{"line":135,"column":43},"end":{"line":135,"column":58}},{"start":{"line":135,"column":61},"end":{"line":135,"column":71}}],"line":135},"5":{"loc":{"start":{"line":191,"column":8},"end":{"line":194,"column":9}},"type":"if","locations":[{"start":{"line":191,"column":8},"end":{"line":194,"column":9}},{"start":{"line":191,"column":8},"end":{"line":194,"column":9}}],"line":191},"6":{"loc":{"start":{"line":205,"column":17},"end":{"line":205,"column":30}},"type":"binary-expr","locations":[{"start":{"line":205,"column":17},"end":{"line":205,"column":22}},{"start":{"line":205,"column":26},"end":{"line":205,"column":30}}],"line":205},"7":{"loc":{"start":{"line":243,"column":8},"end":{"line":255,"column":9}},"type":"if","locations":[{"start":{"line":243,"column":8},"end":{"line":255,"column":9}},{"start":{"line":243,"column":8},"end":{"line":255,"column":9}}],"line":243},"8":{"loc":{"start":{"line":249,"column":10},"end":{"line":252,"column":11}},"type":"if","locations":[{"start":{"line":249,"column":10},"end":{"line":252,"column":11}},{"start":{"line":249,"column":10},"end":{"line":252,"column":11}}],"line":249}},"s":{"0":0,"1":1,"2":1,"3":1,"4":1,"5":1,"6":0,"7":0,"8":0,"9":0,"10":0,"11":1,"12":2,"13":1,"14":1,"15":1,"16":0,"17":0,"18":1,"19":1,"20":2,"21":1,"22":1,"23":1,"24":3,"25":0,"26":0,"27":1,"28":1,"29":1,"30":1,"31":1,"32":1,"33":0,"34":1,"35":0,"36":1,"37":1,"38":1,"39":0,"40":0,"41":0},"f":{"0":0,"1":0,"2":0,"3":2,"4":0,"5":2,"6":3},"b":{"0":[0,1],"1":[0,1],"2":[0,0],"3":[1,0],"4":[0,1],"5":[0,3],"6":[1,1],"7":[1,0],"8":[0,1]},"_coverageSchema":"332fd63041d2c1bcb487cc26dd0d5f7d97098a6c","hash":"67b151e9177f6945834cdba85207218439a98176"}
,"/Users/zhaimaojin/github/vue-data-tables/src/tools/index.js": {"path":"/Users/zhaimaojin/github/vue-data-tables/src/tools/index.js","statementMap":{"0":{"start":{"line":4,"column":2},"end":{"line":4,"column":129}},"1":{"start":{"line":8,"column":2},"end":{"line":8,"column":86}},"2":{"start":{"line":21,"column":14},"end":{"line":21,"column":22}},"3":{"start":{"line":22,"column":2},"end":{"line":27,"column":3}},"4":{"start":{"line":23,"column":4},"end":{"line":23,"column":34}},"5":{"start":{"line":24,"column":4},"end":{"line":24,"column":16}},"6":{"start":{"line":25,"column":9},"end":{"line":27,"column":3}},"7":{"start":{"line":26,"column":4},"end":{"line":26,"column":16}},"8":{"start":{"line":29,"column":2},"end":{"line":31,"column":39}},"9":{"start":{"line":30,"column":33},"end":{"line":30,"column":59}}},"fnMap":{"0":{"name":"propError","decl":{"start":{"line":3,"column":16},"end":{"line":3,"column":25}},"loc":{"start":{"line":3,"column":32},"end":{"line":5,"column":1}},"line":3},"1":{"name":"checkContain","decl":{"start":{"line":7,"column":9},"end":{"line":7,"column":21}},"loc":{"start":{"line":7,"column":42},"end":{"line":9,"column":1}},"line":7},"2":{"name":"stringPropFilterFn","decl":{"start":{"line":20,"column":16},"end":{"line":20,"column":34}},"loc":{"start":{"line":20,"column":53},"end":{"line":32,"column":1}},"line":20},"3":{"name":"(anonymous_3)","decl":{"start":{"line":30,"column":24},"end":{"line":30,"column":25}},"loc":{"start":{"line":30,"column":33},"end":{"line":30,"column":59}},"line":30}},"branchMap":{"0":{"loc":{"start":{"line":22,"column":2},"end":{"line":27,"column":3}},"type":"if","locations":[{"start":{"line":22,"column":2},"end":{"line":27,"column":3}},{"start":{"line":22,"column":2},"end":{"line":27,"column":3}}],"line":22},"1":{"loc":{"start":{"line":25,"column":9},"end":{"line":27,"column":3}},"type":"if","locations":[{"start":{"line":25,"column":9},"end":{"line":27,"column":3}},{"start":{"line":25,"column":9},"end":{"line":27,"column":3}}],"line":25},"2":{"loc":{"start":{"line":29,"column":9},"end":{"line":31,"column":39}},"type":"cond-expr","locations":[{"start":{"line":30,"column":6},"end":{"line":30,"column":60}},{"start":{"line":31,"column":6},"end":{"line":31,"column":39}}],"line":29}},"s":{"0":0,"1":0,"2":0,"3":0,"4":0,"5":0,"6":0,"7":0,"8":0,"9":0},"f":{"0":0,"1":0,"2":0,"3":0},"b":{"0":[0,0],"1":[0,0],"2":[0,0]},"_coverageSchema":"332fd63041d2c1bcb487cc26dd0d5f7d97098a6c","hash":"c58cfdd3a6507cc19be2be2745a62ec7d9d6a4a1"}
,"/Users/zhaimaojin/github/vue-data-tables/test/unit/setup.js": {"path":"/Users/zhaimaojin/github/vue-data-tables/test/unit/setup.js","statementMap":{"0":{"start":{"line":3,"column":0},"end":{"line":3,"column":32}}},"fnMap":{},"branchMap":{},"s":{"0":1},"f":{},"b":{},"_coverageSchema":"332fd63041d2c1bcb487cc26dd0d5f7d97098a6c","hash":"5252697751bbd8acb74bfa2a909c9a544b42b6e6"}
,"/Users/zhaimaojin/github/vue-data-tables/test/unit/tools/source.js": {"path":"/Users/zhaimaojin/github/vue-data-tables/test/unit/tools/source.js","statementMap":{"0":{"start":{"line":2,"column":19},"end":{"line":2,"column":22}},"1":{"start":{"line":4,"column":23},"end":{"line":46,"column":2}},"2":{"start":{"line":49,"column":13},"end":{"line":76,"column":2}},"3":{"start":{"line":78,"column":17},"end":{"line":78,"column":19}},"4":{"start":{"line":80,"column":0},"end":{"line":96,"column":1}},"5":{"start":{"line":81,"column":2},"end":{"line":95,"column":4}},"6":{"start":{"line":105,"column":24},"end":{"line":116,"column":1}},"7":{"start":{"line":106,"column":2},"end":{"line":115,"column":4}},"8":{"start":{"line":107,"column":4},"end":{"line":114,"column":12}},"9":{"start":{"line":108,"column":6},"end":{"line":113,"column":8}},"10":{"start":{"line":118,"column":29},"end":{"line":124,"column":1}},"11":{"start":{"line":119,"column":2},"end":{"line":123,"column":4}},"12":{"start":{"line":120,"column":4},"end":{"line":122,"column":12}},"13":{"start":{"line":121,"column":6},"end":{"line":121,"column":40}}},"fnMap":{"0":{"name":"(anonymous_0)","decl":{"start":{"line":105,"column":24},"end":{"line":105,"column":25}},"loc":{"start":{"line":105,"column":50},"end":{"line":116,"column":1}},"line":105},"1":{"name":"(anonymous_1)","decl":{"start":{"line":106,"column":21},"end":{"line":106,"column":22}},"loc":{"start":{"line":106,"column":34},"end":{"line":115,"column":3}},"line":106},"2":{"name":"(anonymous_2)","decl":{"start":{"line":107,"column":15},"end":{"line":107,"column":16}},"loc":{"start":{"line":107,"column":20},"end":{"line":114,"column":5}},"line":107},"3":{"name":"(anonymous_3)","decl":{"start":{"line":118,"column":29},"end":{"line":118,"column":30}},"loc":{"start":{"line":118,"column":55},"end":{"line":124,"column":1}},"line":118},"4":{"name":"(anonymous_4)","decl":{"start":{"line":119,"column":21},"end":{"line":119,"column":22}},"loc":{"start":{"line":119,"column":42},"end":{"line":123,"column":3}},"line":119},"5":{"name":"(anonymous_5)","decl":{"start":{"line":120,"column":15},"end":{"line":120,"column":16}},"loc":{"start":{"line":120,"column":20},"end":{"line":122,"column":5}},"line":120}},"branchMap":{"0":{"loc":{"start":{"line":105,"column":38},"end":{"line":105,"column":48}},"type":"default-arg","locations":[{"start":{"line":105,"column":45},"end":{"line":105,"column":48}}],"line":105},"1":{"loc":{"start":{"line":118,"column":43},"end":{"line":118,"column":53}},"type":"default-arg","locations":[{"start":{"line":118,"column":50},"end":{"line":118,"column":53}}],"line":118}},"s":{"0":1,"1":1,"2":1,"3":1,"4":1,"5":1000,"6":1,"7":0,"8":0,"9":0,"10":1,"11":0,"12":0,"13":0},"f":{"0":0,"1":0,"2":0,"3":0,"4":0,"5":0},"b":{"0":[0],"1":[0]},"_coverageSchema":"332fd63041d2c1bcb487cc26dd0d5f7d97098a6c","hash":"19d230a89008df9d2411894b17ac169185f79b78"}
,"/Users/zhaimaojin/github/vue-data-tables/test/unit/tools/util.js": {"path":"/Users/zhaimaojin/github/vue-data-tables/test/unit/tools/util.js","statementMap":{"0":{"start":{"line":6,"column":0},"end":{"line":6,"column":18}},"1":{"start":{"line":7,"column":0},"end":{"line":7,"column":19}},"2":{"start":{"line":8,"column":0},"end":{"line":8,"column":25}},"3":{"start":{"line":10,"column":9},"end":{"line":10,"column":10}},"4":{"start":{"line":12,"column":18},"end":{"line":19,"column":1}},"5":{"start":{"line":13,"column":16},"end":{"line":13,"column":45}},"6":{"start":{"line":15,"column":4},"end":{"line":15,"column":25}},"7":{"start":{"line":16,"column":4},"end":{"line":16,"column":34}},"8":{"start":{"line":18,"column":4},"end":{"line":18,"column":14}},"9":{"start":{"line":25,"column":0},"end":{"line":30,"column":1}},"10":{"start":{"line":26,"column":4},"end":{"line":26,"column":32}},"11":{"start":{"line":27,"column":4},"end":{"line":29,"column":45}},"12":{"start":{"line":38,"column":0},"end":{"line":43,"column":1}},"13":{"start":{"line":39,"column":4},"end":{"line":41,"column":5}},"14":{"start":{"line":40,"column":8},"end":{"line":40,"column":35}},"15":{"start":{"line":42,"column":4},"end":{"line":42,"column":72}},"16":{"start":{"line":53,"column":0},"end":{"line":61,"column":1}},"17":{"start":{"line":54,"column":4},"end":{"line":57,"column":5}},"18":{"start":{"line":55,"column":8},"end":{"line":55,"column":27}},"19":{"start":{"line":56,"column":8},"end":{"line":56,"column":22}},"20":{"start":{"line":58,"column":16},"end":{"line":58,"column":27}},"21":{"start":{"line":59,"column":17},"end":{"line":59,"column":34}},"22":{"start":{"line":60,"column":4},"end":{"line":60,"column":73}},"23":{"start":{"line":70,"column":0},"end":{"line":88,"column":1}},"24":{"start":{"line":73,"column":4},"end":{"line":79,"column":5}},"25":{"start":{"line":74,"column":8},"end":{"line":74,"column":33}},"26":{"start":{"line":75,"column":11},"end":{"line":79,"column":5}},"27":{"start":{"line":76,"column":8},"end":{"line":76,"column":35}},"28":{"start":{"line":78,"column":8},"end":{"line":78,"column":32}},"29":{"start":{"line":80,"column":16},"end":{"line":80,"column":47}},"30":{"start":{"line":82,"column":4},"end":{"line":82,"column":32}},"31":{"start":{"line":83,"column":4},"end":{"line":85,"column":41}},"32":{"start":{"line":87,"column":4},"end":{"line":87,"column":14}},"33":{"start":{"line":95,"column":0},"end":{"line":100,"column":1}},"34":{"start":{"line":96,"column":4},"end":{"line":96,"column":51}},"35":{"start":{"line":97,"column":4},"end":{"line":97,"column":49}},"36":{"start":{"line":99,"column":4},"end":{"line":99,"column":14}},"37":{"start":{"line":102,"column":0},"end":{"line":108,"column":1}},"38":{"start":{"line":103,"column":4},"end":{"line":107,"column":6}},"39":{"start":{"line":104,"column":8},"end":{"line":106,"column":16}},"40":{"start":{"line":105,"column":12},"end":{"line":105,"column":21}},"41":{"start":{"line":110,"column":0},"end":{"line":116,"column":1}},"42":{"start":{"line":111,"column":4},"end":{"line":115,"column":6}},"43":{"start":{"line":112,"column":8},"end":{"line":114,"column":10}},"44":{"start":{"line":113,"column":12},"end":{"line":113,"column":21}},"45":{"start":{"line":118,"column":15},"end":{"line":120,"column":1}},"46":{"start":{"line":119,"column":4},"end":{"line":119,"column":40}},"47":{"start":{"line":122,"column":14},"end":{"line":124,"column":1}},"48":{"start":{"line":123,"column":4},"end":{"line":123,"column":36}},"49":{"start":{"line":126,"column":14},"end":{"line":128,"column":1}},"50":{"start":{"line":127,"column":4},"end":{"line":127,"column":36}},"51":{"start":{"line":130,"column":14},"end":{"line":132,"column":1}},"52":{"start":{"line":131,"column":4},"end":{"line":131,"column":36}},"53":{"start":{"line":134,"column":0},"end":{"line":141,"column":1}},"54":{"start":{"line":135,"column":16},"end":{"line":135,"column":28}},"55":{"start":{"line":136,"column":15},"end":{"line":136,"column":29}},"56":{"start":{"line":137,"column":15},"end":{"line":137,"column":29}},"57":{"start":{"line":138,"column":15},"end":{"line":138,"column":28}},"58":{"start":{"line":140,"column":4},"end":{"line":140,"column":38}},"59":{"start":{"line":143,"column":0},"end":{"line":148,"column":2}}},"fnMap":{"0":{"name":"(anonymous_0)","decl":{"start":{"line":12,"column":18},"end":{"line":12,"column":19}},"loc":{"start":{"line":12,"column":30},"end":{"line":19,"column":1}},"line":12},"1":{"name":"(anonymous_1)","decl":{"start":{"line":25,"column":20},"end":{"line":25,"column":21}},"loc":{"start":{"line":25,"column":34},"end":{"line":30,"column":1}},"line":25},"2":{"name":"(anonymous_2)","decl":{"start":{"line":38,"column":20},"end":{"line":38,"column":21}},"loc":{"start":{"line":38,"column":54},"end":{"line":43,"column":1}},"line":38},"3":{"name":"(anonymous_3)","decl":{"start":{"line":53,"column":21},"end":{"line":53,"column":22}},"loc":{"start":{"line":53,"column":71},"end":{"line":61,"column":1}},"line":53},"4":{"name":"(anonymous_4)","decl":{"start":{"line":70,"column":23},"end":{"line":70,"column":24}},"loc":{"start":{"line":70,"column":53},"end":{"line":88,"column":1}},"line":70},"5":{"name":"(anonymous_5)","decl":{"start":{"line":95,"column":23},"end":{"line":95,"column":24}},"loc":{"start":{"line":95,"column":47},"end":{"line":100,"column":1}},"line":95},"6":{"name":"(anonymous_6)","decl":{"start":{"line":102,"column":16},"end":{"line":102,"column":17}},"loc":{"start":{"line":102,"column":38},"end":{"line":108,"column":1}},"line":102},"7":{"name":"(anonymous_7)","decl":{"start":{"line":103,"column":23},"end":{"line":103,"column":24}},"loc":{"start":{"line":103,"column":42},"end":{"line":107,"column":5}},"line":103},"8":{"name":"(anonymous_8)","decl":{"start":{"line":104,"column":19},"end":{"line":104,"column":20}},"loc":{"start":{"line":104,"column":31},"end":{"line":106,"column":9}},"line":104},"9":{"name":"(anonymous_9)","decl":{"start":{"line":110,"column":25},"end":{"line":110,"column":26}},"loc":{"start":{"line":110,"column":39},"end":{"line":116,"column":1}},"line":110},"10":{"name":"(anonymous_10)","decl":{"start":{"line":111,"column":23},"end":{"line":111,"column":24}},"loc":{"start":{"line":111,"column":42},"end":{"line":115,"column":5}},"line":111},"11":{"name":"(anonymous_11)","decl":{"start":{"line":112,"column":21},"end":{"line":112,"column":22}},"loc":{"start":{"line":112,"column":26},"end":{"line":114,"column":9}},"line":112},"12":{"name":"(anonymous_12)","decl":{"start":{"line":118,"column":15},"end":{"line":118,"column":16}},"loc":{"start":{"line":118,"column":29},"end":{"line":120,"column":1}},"line":118},"13":{"name":"(anonymous_13)","decl":{"start":{"line":122,"column":14},"end":{"line":122,"column":15}},"loc":{"start":{"line":122,"column":28},"end":{"line":124,"column":1}},"line":122},"14":{"name":"(anonymous_14)","decl":{"start":{"line":126,"column":14},"end":{"line":126,"column":15}},"loc":{"start":{"line":126,"column":28},"end":{"line":128,"column":1}},"line":126},"15":{"name":"(anonymous_15)","decl":{"start":{"line":130,"column":14},"end":{"line":130,"column":15}},"loc":{"start":{"line":130,"column":28},"end":{"line":132,"column":1}},"line":130},"16":{"name":"(anonymous_16)","decl":{"start":{"line":134,"column":24},"end":{"line":134,"column":25}},"loc":{"start":{"line":134,"column":38},"end":{"line":141,"column":1}},"line":134}},"branchMap":{"0":{"loc":{"start":{"line":26,"column":4},"end":{"line":26,"column":32}},"type":"binary-expr","locations":[{"start":{"line":26,"column":4},"end":{"line":26,"column":15}},{"start":{"line":26,"column":19},"end":{"line":26,"column":32}}],"line":26},"1":{"loc":{"start":{"line":27,"column":4},"end":{"line":29,"column":45}},"type":"binary-expr","locations":[{"start":{"line":27,"column":4},"end":{"line":27,"column":10}},{"start":{"line":28,"column":8},"end":{"line":28,"column":25}},{"start":{"line":29,"column":8},"end":{"line":29,"column":45}}],"line":27},"2":{"loc":{"start":{"line":38,"column":37},"end":{"line":38,"column":52}},"type":"default-arg","locations":[{"start":{"line":38,"column":47},"end":{"line":38,"column":52}}],"line":38},"3":{"loc":{"start":{"line":39,"column":4},"end":{"line":41,"column":5}},"type":"if","locations":[{"start":{"line":39,"column":4},"end":{"line":41,"column":5}},{"start":{"line":39,"column":4},"end":{"line":41,"column":5}}],"line":39},"4":{"loc":{"start":{"line":42,"column":33},"end":{"line":42,"column":71}},"type":"cond-expr","locations":[{"start":{"line":42,"column":53},"end":{"line":42,"column":57}},{"start":{"line":42,"column":60},"end":{"line":42,"column":71}}],"line":42},"5":{"loc":{"start":{"line":53,"column":38},"end":{"line":53,"column":52}},"type":"default-arg","locations":[{"start":{"line":53,"column":50},"end":{"line":53,"column":52}}],"line":53},"6":{"loc":{"start":{"line":53,"column":54},"end":{"line":53,"column":69}},"type":"default-arg","locations":[{"start":{"line":53,"column":64},"end":{"line":53,"column":69}}],"line":53},"7":{"loc":{"start":{"line":54,"column":4},"end":{"line":57,"column":5}},"type":"if","locations":[{"start":{"line":54,"column":4},"end":{"line":57,"column":5}},{"start":{"line":54,"column":4},"end":{"line":57,"column":5}}],"line":54},"8":{"loc":{"start":{"line":54,"column":8},"end":{"line":54,"column":49}},"type":"binary-expr","locations":[{"start":{"line":54,"column":8},"end":{"line":54,"column":26}},{"start":{"line":54,"column":30},"end":{"line":54,"column":49}}],"line":54},"9":{"loc":{"start":{"line":60,"column":42},"end":{"line":60,"column":72}},"type":"cond-expr","locations":[{"start":{"line":60,"column":62},"end":{"line":60,"column":66}},{"start":{"line":60,"column":69},"end":{"line":60,"column":72}}],"line":60},"10":{"loc":{"start":{"line":73,"column":4},"end":{"line":79,"column":5}},"type":"if","locations":[{"start":{"line":73,"column":4},"end":{"line":79,"column":5}},{"start":{"line":73,"column":4},"end":{"line":79,"column":5}}],"line":73},"11":{"loc":{"start":{"line":75,"column":11},"end":{"line":79,"column":5}},"type":"if","locations":[{"start":{"line":75,"column":11},"end":{"line":79,"column":5}},{"start":{"line":75,"column":11},"end":{"line":79,"column":5}}],"line":75},"12":{"loc":{"start":{"line":83,"column":4},"end":{"line":85,"column":41}},"type":"cond-expr","locations":[{"start":{"line":84,"column":10},"end":{"line":84,"column":32}},{"start":{"line":85,"column":10},"end":{"line":85,"column":41}}],"line":83},"13":{"loc":{"start":{"line":102,"column":26},"end":{"line":102,"column":36}},"type":"default-arg","locations":[{"start":{"line":102,"column":33},"end":{"line":102,"column":36}}],"line":102}},"s":{"0":1,"1":1,"2":1,"3":1,"4":1,"5":1,"6":1,"7":1,"8":1,"9":1,"10":0,"11":0,"12":1,"13":1,"14":0,"15":1,"16":1,"17":0,"18":0,"19":0,"20":0,"21":0,"22":0,"23":1,"24":0,"25":0,"26":0,"27":0,"28":0,"29":0,"30":0,"31":0,"32":0,"33":1,"34":0,"35":0,"36":0,"37":1,"38":0,"39":0,"40":0,"41":1,"42":0,"43":0,"44":0,"45":1,"46":1,"47":1,"48":1,"49":1,"50":1,"51":1,"52":1,"53":1,"54":1,"55":1,"56":1,"57":1,"58":1,"59":1},"f":{"0":1,"1":0,"2":1,"3":0,"4":0,"5":0,"6":0,"7":0,"8":0,"9":0,"10":0,"11":0,"12":1,"13":1,"14":1,"15":1,"16":1},"b":{"0":[0,0],"1":[0,0,0],"2":[0],"3":[0,1],"4":[0,1],"5":[0],"6":[0],"7":[0,0],"8":[0,0],"9":[0,0],"10":[0,0],"11":[0,0],"12":[0,0],"13":[0]},"_coverageSchema":"332fd63041d2c1bcb487cc26dd0d5f7d97098a6c","hash":"90fe9a552e378361b693c6ac6a540785b5a4666d"}
}
