TN:
SF:/Users/zhaimaojin/github/vue-data-tables/src/index.js
FN:4,(anonymous_0)
FN:8,(anonymous_1)
FN:12,(anonymous_2)
FNF:3
FNH:2
FNDA:1,(anonymous_0)
FNDA:1,(anonymous_1)
FNDA:0,(anonymous_2)
DA:4,1
DA:5,1
DA:8,1
DA:9,1
DA:12,1
DA:13,0
DA:14,0
LF:7
LH:5
BRF:0
BRH:0
end_of_record
TN:
SF:/Users/zhaimaojin/github/vue-data-tables/src/components/DataTables.vue
FN:10,defaultSortFn
FN:18,_default
FN:24,data
FN:29,created
FN:35,sortedData
FN:50,tableData
FN:53,(anonymous_8)
FN:63,(anonymous_9)
FN:71,curTableData
FN:76,total
FN:81,handleSort
FN:84,handleSizeChange
FN:89,createFilterFn
FN:98,(anonymous_15)
FN:114,(anonymous_16)
FN:115,(anonymous_17)
FN:122,createSortFn
FN:130,(anonymous_19)
FN:133,setInnerFilterProps
FN:138,filterProps
FN:141,sortMethod
FNF:21
FNH:8
FNDA:0,defaultSortFn
FNDA:1,_default
FNDA:1,data
FNDA:1,created
FNDA:1,sortedData
FNDA:1,tableData
FNDA:0,(anonymous_8)
FNDA:0,(anonymous_9)
FNDA:1,curTableData
FNDA:1,total
FNDA:0,handleSort
FNDA:0,handleSizeChange
FNDA:0,createFilterFn
FNDA:0,(anonymous_15)
FNDA:0,(anonymous_16)
FNDA:0,(anonymous_17)
FNDA:0,createSortFn
FNDA:0,(anonymous_19)
FNDA:1,setInnerFilterProps
FNDA:0,filterProps
FNDA:0,sortMethod
DA:6,1
DA:7,1
DA:10,1
DA:19,1
DA:25,1
DA:30,1
DA:31,1
DA:32,1
DA:36,1
DA:37,0
DA:40,0
DA:42,0
DA:43,0
DA:45,0
DA:48,1
DA:50,1
DA:51,1
DA:53,1
DA:54,0
DA:55,0
DA:57,0
DA:60,0
DA:63,0
DA:64,0
DA:68,1
DA:69,1
DA:72,1
DA:73,1
DA:74,1
DA:77,1
DA:82,0
DA:85,0
DA:86,0
DA:90,0
DA:91,0
DA:92,0
DA:93,0
DA:94,0
DA:95,0
DA:97,0
DA:98,0
DA:101,0
DA:102,0
DA:103,0
DA:114,0
DA:115,0
DA:116,0
DA:120,0
DA:122,0
DA:123,0
DA:125,0
DA:126,0
DA:127,0
DA:130,0
DA:131,0
DA:134,1
DA:139,0
DA:142,0
LF:58
LH:20
BRDA:10,0,0,0
BRDA:10,0,1,0
BRDA:36,1,0,0
BRDA:36,1,1,1
BRDA:55,2,0,0
BRDA:55,2,1,0
BRDA:55,3,0,0
BRDA:55,3,1,0
BRDA:55,3,2,0
BRDA:55,3,3,0
BRDA:60,4,0,0
BRDA:60,4,1,0
BRDA:91,5,0,0
BRDA:91,5,1,0
BRDA:92,6,0,0
BRDA:92,6,1,0
BRDA:94,7,0,0
BRDA:94,7,1,0
BRDA:102,8,0,0
BRDA:102,8,1,0
BRDA:115,9,0,0
BRDA:115,9,1,0
BRDA:126,10,0,0
BRDA:126,10,1,0
BRDA:130,11,0,0
BRDA:130,11,1,0
BRDA:134,12,0,1
BRDA:134,12,1,1
BRDA:134,13,0,1
BRDA:134,13,1,1
BRDA:134,13,2,0
BRF:31
BRH:5
end_of_record
TN:
SF:/Users/zhaimaojin/github/vue-data-tables/src/mixins/ShareMixin.js
FN:90,(anonymous_0)
FN:94,(anonymous_1)
FN:100,(anonymous_2)
FN:158,(anonymous_3)
FN:166,(anonymous_4)
FN:182,(anonymous_5)
FN:190,(anonymous_6)
FNF:7
FNH:3
FNDA:0,(anonymous_0)
FNDA:0,(anonymous_1)
FNDA:0,(anonymous_2)
FNDA:2,(anonymous_3)
FNDA:0,(anonymous_4)
FNDA:2,(anonymous_5)
FNDA:3,(anonymous_6)
DA:12,0
DA:18,1
DA:24,1
DA:30,1
DA:44,1
DA:49,1
DA:91,0
DA:95,0
DA:100,0
DA:101,0
DA:104,0
DA:155,1
DA:158,2
DA:164,1
DA:165,1
DA:166,1
DA:167,0
DA:168,0
DA:172,1
DA:182,2
DA:185,1
DA:186,1
DA:190,1
DA:191,3
DA:192,0
DA:193,0
DA:196,1
DA:199,1
DA:201,1
DA:210,1
DA:213,1
DA:225,1
DA:229,0
DA:234,1
DA:238,0
DA:243,1
DA:244,1
DA:249,1
DA:250,0
DA:251,0
DA:254,0
LF:41
LH:26
BRDA:63,0,0,0
BRDA:63,0,1,1
BRDA:83,1,0,0
BRDA:83,1,1,1
BRDA:96,2,0,0
BRDA:96,2,1,0
BRDA:128,3,0,1
BRDA:128,3,1,0
BRDA:135,4,0,0
BRDA:135,4,1,1
BRDA:191,5,0,0
BRDA:191,5,1,3
BRDA:205,6,0,1
BRDA:205,6,1,1
BRDA:243,7,0,1
BRDA:243,7,1,0
BRDA:249,8,0,0
BRDA:249,8,1,1
BRF:18
BRH:9
end_of_record
TN:
SF:/Users/zhaimaojin/github/vue-data-tables/src/tools/index.js
FN:3,propError
FN:7,checkContain
FN:20,stringPropFilterFn
FN:30,(anonymous_3)
FNF:4
FNH:0
FNDA:0,propError
FNDA:0,checkContain
FNDA:0,stringPropFilterFn
FNDA:0,(anonymous_3)
DA:4,0
DA:8,0
DA:21,0
DA:22,0
DA:23,0
DA:24,0
DA:25,0
DA:26,0
DA:29,0
DA:30,0
LF:10
LH:0
BRDA:22,0,0,0
BRDA:22,0,1,0
BRDA:25,1,0,0
BRDA:25,1,1,0
BRDA:29,2,0,0
BRDA:29,2,1,0
BRF:6
BRH:0
end_of_record
TN:
SF:/Users/zhaimaojin/github/vue-data-tables/test/unit/setup.js
FNF:0
FNH:0
DA:3,1
LF:1
LH:1
BRF:0
BRH:0
end_of_record
TN:
SF:/Users/zhaimaojin/github/vue-data-tables/test/unit/tools/source.js
FN:105,(anonymous_0)
FN:106,(anonymous_1)
FN:107,(anonymous_2)
FN:118,(anonymous_3)
FN:119,(anonymous_4)
FN:120,(anonymous_5)
FNF:6
FNH:0
FNDA:0,(anonymous_0)
FNDA:0,(anonymous_1)
FNDA:0,(anonymous_2)
FNDA:0,(anonymous_3)
FNDA:0,(anonymous_4)
FNDA:0,(anonymous_5)
DA:2,1
DA:4,1
DA:49,1
DA:78,1
DA:80,1
DA:81,1000
DA:105,1
DA:106,0
DA:107,0
DA:108,0
DA:118,1
DA:119,0
DA:120,0
DA:121,0
LF:14
LH:8
BRDA:105,0,0,0
BRDA:118,1,0,0
BRF:2
BRH:0
end_of_record
TN:
SF:/Users/zhaimaojin/github/vue-data-tables/test/unit/tools/util.js
FN:12,(anonymous_0)
FN:25,(anonymous_1)
FN:38,(anonymous_2)
FN:53,(anonymous_3)
FN:70,(anonymous_4)
FN:95,(anonymous_5)
FN:102,(anonymous_6)
FN:103,(anonymous_7)
FN:104,(anonymous_8)
FN:110,(anonymous_9)
FN:111,(anonymous_10)
FN:112,(anonymous_11)
FN:118,(anonymous_12)
FN:122,(anonymous_13)
FN:126,(anonymous_14)
FN:130,(anonymous_15)
FN:134,(anonymous_16)
FNF:17
FNH:7
FNDA:1,(anonymous_0)
FNDA:0,(anonymous_1)
FNDA:1,(anonymous_2)
FNDA:0,(anonymous_3)
FNDA:0,(anonymous_4)
FNDA:0,(anonymous_5)
FNDA:0,(anonymous_6)
FNDA:0,(anonymous_7)
FNDA:0,(anonymous_8)
FNDA:0,(anonymous_9)
FNDA:0,(anonymous_10)
FNDA:0,(anonymous_11)
FNDA:1,(anonymous_12)
FNDA:1,(anonymous_13)
FNDA:1,(anonymous_14)
FNDA:1,(anonymous_15)
FNDA:1,(anonymous_16)
DA:6,1
DA:7,1
DA:8,1
DA:10,1
DA:12,1
DA:13,1
DA:15,1
DA:16,1
DA:18,1
DA:25,1
DA:26,0
DA:27,0
DA:38,1
DA:39,1
DA:40,0
DA:42,1
DA:53,1
DA:54,0
DA:55,0
DA:56,0
DA:58,0
DA:59,0
DA:60,0
DA:70,1
DA:73,0
DA:74,0
DA:75,0
DA:76,0
DA:78,0
DA:80,0
DA:82,0
DA:83,0
DA:87,0
DA:95,1
DA:96,0
DA:97,0
DA:99,0
DA:102,1
DA:103,0
DA:104,0
DA:105,0
DA:110,1
DA:111,0
DA:112,0
DA:113,0
DA:118,1
DA:119,1
DA:122,1
DA:123,1
DA:126,1
DA:127,1
DA:130,1
DA:131,1
DA:134,1
DA:135,1
DA:136,1
DA:137,1
DA:138,1
DA:140,1
DA:143,1
LF:60
LH:33
BRDA:26,0,0,0
BRDA:26,0,1,0
BRDA:27,1,0,0
BRDA:27,1,1,0
BRDA:27,1,2,0
BRDA:38,2,0,0
BRDA:39,3,0,0
BRDA:39,3,1,1
BRDA:42,4,0,0
BRDA:42,4,1,1
BRDA:53,5,0,0
BRDA:53,6,0,0
BRDA:54,7,0,0
BRDA:54,7,1,0
BRDA:54,8,0,0
BRDA:54,8,1,0
BRDA:60,9,0,0
BRDA:60,9,1,0
BRDA:73,10,0,0
BRDA:73,10,1,0
BRDA:75,11,0,0
BRDA:75,11,1,0
BRDA:83,12,0,0
BRDA:83,12,1,0
BRDA:102,13,0,0
BRF:25
BRH:2
end_of_record
